[2021-09-20 18:29:53-INFO] Starte Routing
[2021-09-20 18:29:53-INFO] Die $baseUrl variable hat kein slash am Ende, hänge eins an
[2021-09-20 18:29:53-INFO] Wir sind auf der Startseite 
[2021-09-20 18:29:53-INFO] ****************************************************************************************************
[2021-09-20 18:31:27-INFO] Starte Routing
[2021-09-20 18:31:27-INFO] Die $baseUrl variable hat kein slash am Ende, hänge eins an
[2021-09-20 18:31:27-INFO] Wir sind auf der Startseite 
[2021-09-20 18:31:27-INFO] ****************************************************************************************************
[2021-09-20 18:31:31-INFO] Starte Routing
[2021-09-20 18:31:31-INFO] Wir sind auf der Startseite 
[2021-09-20 18:31:31-INFO] ****************************************************************************************************
[2021-09-20 18:31:38-INFO] Starte Routing
[2021-09-20 18:31:38-INFO] Die $baseUrl variable hat kein slash am Ende, hänge eins an
[2021-09-20 18:31:38-INFO] Wir sind auf der Startseite 
[2021-09-20 18:31:38-INFO] ****************************************************************************************************
[2021-09-20 18:33:11-INFO] Starte Routing
[2021-09-20 18:33:11-INFO] Die $baseUrl variable hat kein slash am Ende, hänge eins an
[2021-09-20 18:33:11-INFO] Wir sind auf der Startseite 
[2021-09-20 18:33:11-INFO] ****************************************************************************************************
[2021-09-20 18:33:35-INFO] Starte Routing
[2021-09-20 18:33:35-INFO] Die $baseUrl variable hat kein slash am Ende, hänge eins an
[2021-09-20 18:33:35-INFO] Wir sind auf der Startseite 
[2021-09-20 18:33:35-INFO] ****************************************************************************************************
[2021-09-20 18:33:37-INFO] Starte Routing
[2021-09-20 18:33:37-INFO] Die $baseUrl variable hat kein slash am Ende, hänge eins an
[2021-09-20 18:33:37-INFO] Wir sind auf der Startseite 
[2021-09-20 18:33:37-INFO] ****************************************************************************************************
[2021-09-20 18:33:38-INFO] Starte Routing
[2021-09-20 18:33:38-INFO] Die $baseUrl variable hat kein slash am Ende, hänge eins an
[2021-09-20 18:33:38-INFO] Wir sind auf der Startseite 
[2021-09-20 18:33:38-INFO] ****************************************************************************************************
[2021-09-20 18:34:00-INFO] Starte Routing
[2021-09-20 18:34:00-INFO] Die $baseUrl variable hat kein slash am Ende, hänge eins an
[2021-09-20 18:34:00-INFO] Wir sind auf der Startseite 
[2021-09-20 18:34:00-INFO] ****************************************************************************************************
[2021-09-20 18:34:01-INFO] Starte Routing
[2021-09-20 18:34:01-INFO] Die $baseUrl variable hat kein slash am Ende, hänge eins an
[2021-09-20 18:34:01-INFO] Wir sind auf der Startseite 
[2021-09-20 18:34:01-INFO] ****************************************************************************************************
[2021-09-20 18:34:02-INFO] Starte Routing
[2021-09-20 18:34:02-INFO] Die $baseUrl variable hat kein slash am Ende, hänge eins an
[2021-09-20 18:34:02-INFO] Wir sind auf der Startseite 
[2021-09-20 18:34:02-INFO] ****************************************************************************************************
[2021-09-20 18:34:24-INFO] Starte Routing
[2021-09-20 18:34:24-INFO] Die $baseUrl variable hat kein slash am Ende, hänge eins an
[2021-09-20 18:34:24-INFO] Wir sind auf der Startseite 
[2021-09-20 18:34:24-INFO] ****************************************************************************************************
[2021-09-20 18:34:41-INFO] Starte Routing
[2021-09-20 18:34:41-INFO] Die $baseUrl variable hat kein slash am Ende, hänge eins an
[2021-09-20 18:34:41-INFO] Wir sind auf der Startseite 
[2021-09-20 18:34:41-INFO] ****************************************************************************************************
[2021-09-20 18:35:00-INFO] Starte Routing
[2021-09-20 18:35:00-INFO] Die $baseUrl variable hat kein slash am Ende, hänge eins an
[2021-09-20 18:35:00-INFO] Wir sind auf der Startseite 
[2021-09-20 18:35:00-INFO] ****************************************************************************************************
[2021-09-20 18:35:41-INFO] Starte Routing
[2021-09-20 18:35:41-INFO] Wir sind auf der Startseite 
[2021-09-20 18:35:41-INFO] ****************************************************************************************************
[2021-09-20 18:36:49-INFO] Starte Routing
[2021-09-20 18:36:49-INFO] Die $baseUrl variable hat kein slash am Ende, hänge eins an
[2021-09-20 18:36:49-INFO] Wir sind auf der Startseite 
[2021-09-20 18:36:49-INFO] ****************************************************************************************************
[2021-09-20 18:37:39-INFO] Starte Routing
[2021-09-20 18:37:39-INFO] Die $baseUrl variable hat kein slash am Ende, hänge eins an
[2021-09-20 18:37:39-INFO] Wir sind auf der Startseite 
[2021-09-20 18:37:39-INFO] ****************************************************************************************************
[2021-09-20 18:37:58-INFO] Starte Routing
[2021-09-20 18:37:58-INFO] Die $baseUrl variable hat kein slash am Ende, hänge eins an
[2021-09-20 18:37:58-INFO] Wir sind auf der Startseite 
[2021-09-20 18:37:58-INFO] ****************************************************************************************************
[2021-09-20 18:39:01-INFO] Starte Routing
[2021-09-20 18:39:01-INFO] Die $baseUrl variable hat kein slash am Ende, hänge eins an
[2021-09-20 18:39:01-INFO] Wir sind auf der Startseite 
[2021-09-20 18:39:01-INFO] ****************************************************************************************************
[2021-09-20 18:39:06-INFO] Starte Routing
[2021-09-20 18:39:06-INFO] Die $baseUrl variable hat kein slash am Ende, hänge eins an
[2021-09-20 18:39:06-INFO] Wir sind auf der Startseite 
[2021-09-20 18:39:06-INFO] ****************************************************************************************************
[2021-09-20 18:39:13-INFO] Starte Routing
[2021-09-20 18:39:13-INFO] Wir sind auf der Startseite 
[2021-09-20 18:39:13-INFO] ****************************************************************************************************
[2021-09-20 18:41:13-INFO] Starte Routing
[2021-09-20 18:41:15-INFO] Starte Routing
[2021-09-20 18:41:27-INFO] Starte Routing
[2021-09-20 18:41:27-INFO] Die $baseUrl variable hat kein slash am Ende, hänge eins an
[2021-09-20 18:41:29-INFO] Starte Routing
[2021-09-20 18:41:29-INFO] Die $baseUrl variable hat kein slash am Ende, hänge eins an
[2021-09-20 18:41:30-INFO] Starte Routing
[2021-09-20 18:41:30-INFO] Die $baseUrl variable hat kein slash am Ende, hänge eins an
[2021-09-20 18:42:24-INFO] Starte Routing
[2021-09-20 18:42:24-INFO] Die $baseUrl variable hat kein slash am Ende, hänge eins an
[2021-09-20 18:42:26-INFO] Starte Routing
[2021-09-20 18:42:26-INFO] Die $baseUrl variable hat kein slash am Ende, hänge eins an
[2021-09-20 18:43:27-INFO] Starte Routing
[2021-09-20 18:43:27-INFO] Die $baseUrl variable hat kein slash am Ende, hänge eins an
[2021-09-20 18:43:28-INFO] Starte Routing
[2021-09-20 18:43:28-INFO] Die $baseUrl variable hat kein slash am Ende, hänge eins an
[2021-09-20 18:43:31-INFO] Starte Routing
[2021-09-20 18:43:31-INFO] Die $baseUrl variable hat kein slash am Ende, hänge eins an
[2021-09-20 18:45:36-INFO] Starte Routing
[2021-09-20 18:45:36-INFO] Die $baseUrl variable hat kein slash am Ende, hänge eins an
[2021-09-20 18:45:36-INFO] index.php steht nicht in der URL, entferne es zeichen Backslash
[2021-09-20 18:45:41-INFO] Starte Routing
[2021-09-20 18:45:41-INFO] Die $baseUrl variable hat kein slash am Ende, hänge eins an
[2021-09-20 18:45:41-INFO] index.php steht nicht in der URL, entferne es zeichen Backslash
[2021-09-20 18:45:57-INFO] Starte Routing
[2021-09-20 18:45:57-INFO] Die $baseUrl variable hat kein slash am Ende, hänge eins an
[2021-09-20 18:45:57-INFO] index.php steht nicht in der URL, entferne es zeichen Backslash
[2021-09-20 18:46:36-INFO] Starte Routing
[2021-09-20 18:46:36-INFO] Die $baseUrl variable hat kein slash am Ende, hänge eins an
[2021-09-20 18:46:36-INFO] index.php steht nicht in der URL, entferne es zeichen Backslash
[2021-09-20 18:47:24-INFO] Starte Routing
[2021-09-20 18:47:24-INFO] Die $baseUrl variable hat kein slash am Ende, hänge eins an
[2021-09-20 18:47:24-INFO] index.php steht nicht in der URL, entferne es zeichen Backslash
[2021-09-20 18:47:55-INFO] Starte Routing
[2021-09-20 18:47:55-INFO] Die $baseUrl variable hat kein slash am Ende, hänge eins an
[2021-09-20 18:47:55-INFO] index.php steht nicht in der URL, entferne es zeichen Backslash
[2021-09-20 18:47:55-INFO] Wir haben mehrere Routeparts
Array
(
    [0] => user
)

[2021-09-20 18:47:55-WARNING] URL wurde nicht gefunden
Array
(
    [route] => user
)

[2021-09-20 18:54:15-INFO] Starte Routing
[2021-09-20 18:54:15-INFO] Die $baseUrl variable hat kein slash am Ende, hänge eins an
[2021-09-20 18:54:15-INFO] index.php steht nicht in der URL, entferne es zeichen Backslash
[2021-09-20 18:54:15-INFO] Wir haben mehrere Routeparts
Array
(
    [0] => user
)

[2021-09-20 18:54:15-WARNING] URL wurde nicht gefunden
Array
(
    [route] => user
)

[2021-09-20 18:54:52-INFO] Starte Routing
[2021-09-20 18:54:52-INFO] Die $baseUrl variable hat kein slash am Ende, hänge eins an
[2021-09-20 18:54:52-INFO] index.php steht nicht in der URL, entferne es zeichen Backslash
[2021-09-20 18:54:52-INFO] Wir haben mehrere Routeparts
Array
(
    [0] => user
)

[2021-09-20 18:54:52-WARNING] URL wurde nicht gefunden
Array
(
    [route] => user
)

[2021-09-20 18:54:52-INFO] ****************************************************************************************************
[2021-09-20 18:54:59-INFO] Starte Routing
[2021-09-20 18:54:59-INFO] index.php steht nicht in der URL, entferne es zeichen Backslash
[2021-09-20 18:54:59-INFO] Wir sind auf der Startseite
[2021-09-20 18:54:59-INFO] ****************************************************************************************************
[2021-09-20 18:55:04-INFO] Starte Routing
[2021-09-20 18:55:04-INFO] Die $baseUrl variable hat kein slash am Ende, hänge eins an
[2021-09-20 18:55:04-INFO] index.php steht nicht in der URL, entferne es zeichen Backslash
[2021-09-20 18:55:04-INFO] Wir haben mehrere Routeparts
Array
(
    [0] => asdas
)

[2021-09-20 18:55:04-WARNING] URL wurde nicht gefunden
Array
(
    [route] => asdas
)

[2021-09-20 18:55:04-INFO] ****************************************************************************************************
[2021-09-20 19:02:45-INFO] Starte Routing
[2021-09-20 19:02:45-INFO] Die $baseUrl variable hat kein slash am Ende, hänge eins an
[2021-09-20 19:02:45-INFO] Wir sind auf der Startseite
[2021-09-20 19:02:45-INFO] ****************************************************************************************************
[2021-09-20 19:02:48-INFO] Starte Routing
[2021-09-20 19:02:48-INFO] Wir sind auf der Startseite
[2021-09-20 19:02:48-INFO] ****************************************************************************************************
[2021-09-20 19:02:54-INFO] Starte Routing
[2021-09-20 19:02:54-INFO] Die $baseUrl variable hat kein slash am Ende, hänge eins an
[2021-09-20 19:02:54-INFO] Wir sind auf der Startseite
[2021-09-20 19:02:54-INFO] ****************************************************************************************************
[2021-09-20 19:04:12-INFO] Starte Routing
[2021-09-20 19:04:12-INFO] Die $baseUrl variable hat kein slash am Ende, hänge eins an
[2021-09-20 19:04:12-INFO] Wir sind auf der Startseite
[2021-09-20 19:04:12-INFO] ****************************************************************************************************
[2021-09-20 19:04:14-INFO] Starte Routing
[2021-09-20 19:04:14-INFO] Die $baseUrl variable hat kein slash am Ende, hänge eins an
[2021-09-20 19:04:14-INFO] Wir sind auf der Startseite
[2021-09-20 19:04:14-INFO] ****************************************************************************************************
[2021-09-20 19:04:18-INFO] Starte Routing
[2021-09-20 19:04:18-INFO] Die $baseUrl variable hat kein slash am Ende, hänge eins an
[2021-09-20 19:04:18-INFO] Wir sind auf der Startseite
[2021-09-20 19:04:18-INFO] ****************************************************************************************************
[2021-09-20 19:05:13-INFO] Starte Routing
[2021-09-20 19:05:13-INFO] Die $baseUrl variable hat kein slash am Ende, hänge eins an
[2021-09-20 19:05:13-INFO] index.php steht nicht in der URL, entferne es aus der Route
[2021-09-20 19:05:13-INFO] Wir haben mehrere Routeparts
Array
(
    [0] => 
    [1] => user
)

[2021-09-20 19:05:33-INFO] Starte Routing
[2021-09-20 19:05:33-INFO] Die $baseUrl variable hat kein slash am Ende, hänge eins an
[2021-09-20 19:05:33-INFO] index.php steht nicht in der URL, entferne es aus der Route
[2021-09-20 19:05:33-INFO] Wir haben mehrere Routeparts
Array
(
    [0] => 
    [1] => user
)

[2021-09-20 19:05:34-INFO] Starte Routing
[2021-09-20 19:05:34-INFO] Die $baseUrl variable hat kein slash am Ende, hänge eins an
[2021-09-20 19:05:34-INFO] index.php steht nicht in der URL, entferne es aus der Route
[2021-09-20 19:05:34-INFO] Wir haben mehrere Routeparts
Array
(
    [0] => 
    [1] => user
)

[2021-09-20 19:12:23-INFO] Starte Routing
[2021-09-20 19:12:23-INFO] Die $baseUrl variable hat kein slash am Ende, hänge eins an
[2021-09-20 19:12:23-INFO] index.php steht nicht in der URL, entferne es aus der Route
[2021-09-20 19:12:23-INFO] Wir haben mehrere Routeparts
Array
(
    [0] => 
    [1] => user
)

[2021-09-20 19:12:34-INFO] Starte Routing
[2021-09-20 19:12:34-INFO] Die $baseUrl variable hat kein slash am Ende, hänge eins an
[2021-09-20 19:12:34-INFO] index.php steht nicht in der URL, entferne es aus der Route
[2021-09-20 19:12:34-INFO] Wir haben mehrere Routeparts
Array
(
    [0] => 
    [1] => user
)

[2021-09-20 19:14:54-INFO] Starte Routing
[2021-09-20 19:14:54-INFO] Die $baseUrl variable hat kein slash am Ende, hänge eins an
[2021-09-20 19:14:54-INFO] index.php steht nicht in der URL, entferne es aus der Route
[2021-09-20 19:14:54-INFO] Wir haben mehrere Routeparts
Array
(
    [0] => 
    [1] => user
)

[2021-09-20 19:14:54-INFO] Wir sind auf der URL /user
[2021-09-20 19:14:54-INFO] ****************************************************************************************************
[2021-09-20 19:14:57-INFO] Starte Routing
[2021-09-20 19:14:57-INFO] index.php steht nicht in der URL, entferne es aus der Route
[2021-09-20 19:14:57-INFO] Wir haben mehrere Routeparts
Array
(
    [0] => 
    [1] => 
)

[2021-09-20 19:14:57-WARNING] URL wurde nicht gefunden
Array
(
    [route] => /
)

[2021-09-20 19:14:57-INFO] ****************************************************************************************************
[2021-09-20 19:15:01-INFO] Starte Routing
[2021-09-20 19:15:01-INFO] index.php steht nicht in der URL, entferne es aus der Route
[2021-09-20 19:15:01-INFO] Wir haben mehrere Routeparts
Array
(
    [0] => 
    [1] => 
)

[2021-09-20 19:15:01-WARNING] URL wurde nicht gefunden
Array
(
    [route] => /
)

[2021-09-20 19:15:01-INFO] ****************************************************************************************************
[2021-09-20 19:15:07-INFO] Starte Routing
[2021-09-20 19:15:07-INFO] Die $baseUrl variable hat kein slash am Ende, hänge eins an
[2021-09-20 19:15:07-INFO] index.php steht nicht in der URL, entferne es aus der Route
[2021-09-20 19:15:07-INFO] Wir haben mehrere Routeparts
Array
(
    [0] => 
    [1] => home
)

[2021-09-20 19:15:07-WARNING] URL wurde nicht gefunden
Array
(
    [route] => /home
)

[2021-09-20 19:15:07-INFO] ****************************************************************************************************
[2021-09-20 19:15:47-INFO] Starte Routing
[2021-09-20 19:15:47-INFO] Die $baseUrl variable hat kein slash am Ende, hänge eins an
[2021-09-20 19:15:47-INFO] index.php steht nicht in der URL, entferne es aus der Route
[2021-09-20 19:15:50-INFO] Starte Routing
[2021-09-20 19:15:50-INFO] index.php steht nicht in der URL, entferne es aus der Route
[2021-09-20 19:15:54-INFO] Starte Routing
[2021-09-20 19:15:54-INFO] index.php steht nicht in der URL, entferne es aus der Route
[2021-09-20 19:16:10-INFO] Starte Routing
[2021-09-20 19:16:10-INFO] index.php steht nicht in der URL, entferne es aus der Route
[2021-09-20 19:17:08-INFO] Starte Routing
[2021-09-20 19:17:08-INFO] index.php steht nicht in der URL, entferne es aus der Route
[2021-09-20 19:17:08-INFO] Wir sind auf der Startseite
[2021-09-20 19:17:08-INFO] ****************************************************************************************************
[2021-09-20 19:17:18-INFO] Starte Routing
[2021-09-20 19:17:18-INFO] index.php steht nicht in der URL, entferne es aus der Route
[2021-09-20 19:17:18-INFO] Wir sind auf der Startseite
[2021-09-20 19:17:18-INFO] ****************************************************************************************************
[2021-09-20 19:17:22-INFO] Starte Routing
[2021-09-20 19:17:22-INFO] index.php steht nicht in der URL, entferne es aus der Route
[2021-09-20 19:17:22-INFO] Wir sind auf der Startseite
[2021-09-20 19:17:22-INFO] ****************************************************************************************************
[2021-09-20 19:17:29-INFO] Starte Routing
[2021-09-20 19:17:29-INFO] Die $baseUrl variable hat kein slash am Ende, hänge eins an
[2021-09-20 19:17:29-INFO] index.php steht nicht in der URL, entferne es aus der Route
[2021-09-20 19:17:29-INFO] Wir haben mehrere Routeparts
Array
(
    [0] => 
    [1] => user
)

[2021-09-20 19:17:29-INFO] Wir sind auf der URL /user
[2021-09-20 19:17:29-INFO] ****************************************************************************************************
[2021-09-20 19:17:32-INFO] Starte Routing
[2021-09-20 19:17:32-INFO] Die $baseUrl variable hat kein slash am Ende, hänge eins an
[2021-09-20 19:17:32-INFO] index.php steht nicht in der URL, entferne es aus der Route
[2021-09-20 19:17:32-INFO] Wir haben mehrere Routeparts
Array
(
    [0] => 
    [1] => user1
)

[2021-09-20 19:17:32-INFO] Wir sind auf der URL /user
[2021-09-20 19:17:32-INFO] ****************************************************************************************************
[2021-09-20 19:17:37-INFO] Starte Routing
[2021-09-20 19:17:37-INFO] Die $baseUrl variable hat kein slash am Ende, hänge eins an
[2021-09-20 19:17:37-INFO] index.php steht nicht in der URL, entferne es aus der Route
[2021-09-20 19:17:37-INFO] Wir haben mehrere Routeparts
Array
(
    [0] => 
    [1] => user32
)

[2021-09-20 19:17:37-INFO] Wir sind auf der URL /user
[2021-09-20 19:17:37-INFO] ****************************************************************************************************
[2021-09-20 19:18:58-INFO] Starte Routing
[2021-09-20 19:18:58-INFO] Die $baseUrl variable hat kein slash am Ende, hänge eins an
[2021-09-20 19:18:58-INFO] index.php steht nicht in der URL, entferne es aus der Route
[2021-09-20 19:18:58-INFO] Wir haben mehrere Routeparts
Array
(
    [0] => 
    [1] => user32
)

[2021-09-20 19:18:58-INFO] Wir sind auf der URL /user
[2021-09-20 19:18:58-INFO] ****************************************************************************************************
[2021-09-20 19:19:28-INFO] Starte Routing
[2021-09-20 19:19:28-INFO] Die $baseUrl variable hat kein slash am Ende, hänge eins an
[2021-09-20 19:19:28-INFO] index.php steht nicht in der URL, entferne es aus der Route
[2021-09-20 19:19:28-INFO] Wir haben mehrere Routeparts
Array
(
    [0] => 
    [1] => user32
)

[2021-09-20 19:19:28-INFO] Wir sind auf der URL /user
[2021-09-20 19:19:28-INFO] ****************************************************************************************************
[2021-09-20 19:19:30-INFO] Starte Routing
[2021-09-20 19:19:30-INFO] Die $baseUrl variable hat kein slash am Ende, hänge eins an
[2021-09-20 19:19:30-INFO] index.php steht nicht in der URL, entferne es aus der Route
[2021-09-20 19:19:30-INFO] Wir haben mehrere Routeparts
Array
(
    [0] => 
    [1] => user32
)

[2021-09-20 19:19:30-INFO] Wir sind auf der URL /user
[2021-09-20 19:19:30-INFO] ****************************************************************************************************
[2021-09-20 19:19:38-INFO] Starte Routing
[2021-09-20 19:19:38-INFO] Die $baseUrl variable hat kein slash am Ende, hänge eins an
[2021-09-20 19:19:38-INFO] index.php steht nicht in der URL, entferne es aus der Route
[2021-09-20 19:19:38-INFO] Wir haben mehrere Routeparts
Array
(
    [0] => 
    [1] => user32
)

[2021-09-20 19:19:38-INFO] Wir sind auf der URL /user
[2021-09-20 19:19:38-INFO] ****************************************************************************************************
[2021-09-20 19:19:39-INFO] Starte Routing
[2021-09-20 19:19:39-INFO] Die $baseUrl variable hat kein slash am Ende, hänge eins an
[2021-09-20 19:19:39-INFO] index.php steht nicht in der URL, entferne es aus der Route
[2021-09-20 19:19:39-INFO] Wir haben mehrere Routeparts
Array
(
    [0] => 
    [1] => user32
)

[2021-09-20 19:19:39-INFO] Wir sind auf der URL /user
[2021-09-20 19:19:39-INFO] ****************************************************************************************************
[2021-09-20 19:19:46-INFO] Starte Routing
[2021-09-20 19:19:46-INFO] Die $baseUrl variable hat kein slash am Ende, hänge eins an
[2021-09-20 19:19:46-INFO] index.php steht nicht in der URL, entferne es aus der Route
[2021-09-20 19:19:46-INFO] Wir haben mehrere Routeparts
Array
(
    [0] => 
    [1] => usessr32
)

[2021-09-20 19:21:28-INFO] Starte Routing
[2021-09-20 19:21:28-INFO] Die $baseUrl variable hat kein slash am Ende, hänge eins an
[2021-09-20 19:21:28-INFO] index.php steht nicht in der URL, entferne es aus der Route
[2021-09-20 19:21:28-INFO] Wir haben mehrere Routeparts
Array
(
    [0] => 
    [1] => usessr32
)

[2021-09-20 19:21:28-WARNING] URL wurde nicht gefunden
Array
(
    [route] => /usessr32
)

[2021-09-20 19:21:28-INFO] ****************************************************************************************************
[2021-09-20 19:21:35-INFO] Starte Routing
[2021-09-20 19:21:35-INFO] Die $baseUrl variable hat kein slash am Ende, hänge eins an
[2021-09-20 19:21:35-INFO] index.php steht nicht in der URL, entferne es aus der Route
[2021-09-20 19:21:35-INFO] Wir haben mehrere Routeparts
Array
(
    [0] => 
    [1] => user
)

[2021-09-20 19:21:35-INFO] Wir sind auf der URL /user
[2021-09-20 19:21:35-INFO] ****************************************************************************************************
[2021-09-20 19:24:06-INFO] Starte Routing
[2021-09-20 19:24:06-INFO] index.php steht nicht in der URL, entferne es aus der Route
[2021-09-20 19:24:06-INFO] Wir sind auf der Startseite
[2021-09-20 19:24:06-INFO] ****************************************************************************************************
[2021-09-20 19:24:11-INFO] Starte Routing
[2021-09-20 19:24:11-INFO] Die $baseUrl variable hat kein slash am Ende, hänge eins an
[2021-09-20 19:24:11-INFO] index.php steht nicht in der URL, entferne es aus der Route
[2021-09-20 19:24:11-INFO] Wir haben mehrere Routeparts
Array
(
    [0] => 
    [1] => user
)

[2021-09-20 19:24:11-WARNING] URL wurde nicht gefunden
Array
(
    [route] => /user
)

[2021-09-20 19:24:11-INFO] ****************************************************************************************************
[2021-09-20 19:24:18-INFO] Starte Routing
[2021-09-20 19:24:18-INFO] index.php steht nicht in der URL, entferne es aus der Route
[2021-09-20 19:24:18-INFO] Wir haben mehrere Routeparts
Array
(
    [0] => 
    [1] => user
    [2] => 
)

[2021-09-20 19:24:18-WARNING] URL wurde nicht gefunden
Array
(
    [route] => /user/
)

[2021-09-20 19:24:18-INFO] ****************************************************************************************************
[2021-09-20 19:24:35-INFO] Starte Routing
[2021-09-20 19:24:35-INFO] index.php steht nicht in der URL, entferne es aus der Route
[2021-09-20 19:24:35-INFO] Wir haben mehrere Routeparts
Array
(
    [0] => 
    [1] => user
    [2] => 
)

[2021-09-20 19:24:35-INFO] Wir sind auf der URL /user
[2021-09-20 19:24:35-INFO] ****************************************************************************************************
[2021-09-20 19:24:50-INFO] Starte Routing
[2021-09-20 19:24:50-INFO] index.php steht nicht in der URL, entferne es aus der Route
[2021-09-20 19:24:50-INFO] Wir haben mehrere Routeparts
Array
(
    [0] => 
    [1] => user
    [2] => 
)

[2021-09-20 19:24:50-WARNING] URL wurde nicht gefunden
Array
(
    [route] => /user/
)

[2021-09-20 19:24:50-INFO] ****************************************************************************************************
[2021-09-20 19:24:50-INFO] Starte Routing
[2021-09-20 19:24:50-INFO] index.php steht nicht in der URL, entferne es aus der Route
[2021-09-20 19:24:50-INFO] Wir haben mehrere Routeparts
Array
(
    [0] => 
    [1] => user
    [2] => 
)

[2021-09-20 19:24:50-WARNING] URL wurde nicht gefunden
Array
(
    [route] => /user/
)

[2021-09-20 19:24:50-INFO] ****************************************************************************************************
[2021-09-20 19:24:51-INFO] Starte Routing
[2021-09-20 19:24:51-INFO] index.php steht nicht in der URL, entferne es aus der Route
[2021-09-20 19:24:51-INFO] Wir haben mehrere Routeparts
Array
(
    [0] => 
    [1] => user
    [2] => 
)

[2021-09-20 19:24:51-WARNING] URL wurde nicht gefunden
Array
(
    [route] => /user/
)

[2021-09-20 19:24:51-INFO] ****************************************************************************************************
[2021-09-20 19:25:01-INFO] Starte Routing
[2021-09-20 19:25:01-INFO] index.php steht nicht in der URL, entferne es aus der Route
[2021-09-20 19:25:01-INFO] Wir haben mehrere Routeparts
Array
(
    [0] => 
    [1] => user
    [2] => 
)

[2021-09-20 19:25:01-INFO] Wir sind auf der URL /user
[2021-09-20 19:25:01-INFO] ****************************************************************************************************
[2021-09-20 19:25:02-INFO] Starte Routing
[2021-09-20 19:25:02-INFO] index.php steht nicht in der URL, entferne es aus der Route
[2021-09-20 19:25:02-INFO] Wir haben mehrere Routeparts
Array
(
    [0] => 
    [1] => user
    [2] => 
)

[2021-09-20 19:25:02-INFO] Wir sind auf der URL /user
[2021-09-20 19:25:02-INFO] ****************************************************************************************************
[2021-09-20 19:25:11-INFO] Starte Routing
[2021-09-20 19:25:11-INFO] index.php steht nicht in der URL, entferne es aus der Route
[2021-09-20 19:25:11-INFO] Wir sind auf der Startseite
[2021-09-20 19:25:11-INFO] ****************************************************************************************************
[2021-09-20 19:25:18-INFO] Starte Routing
[2021-09-20 19:25:18-INFO] Die $baseUrl variable hat kein slash am Ende, hänge eins an
[2021-09-20 19:25:18-INFO] index.php steht nicht in der URL, entferne es aus der Route
[2021-09-20 19:25:18-INFO] Wir haben mehrere Routeparts
Array
(
    [0] => 
    [1] => user
)

[2021-09-20 19:25:18-INFO] Wir sind auf der URL /user
[2021-09-20 19:25:18-INFO] ****************************************************************************************************
[2021-09-20 19:26:11-INFO] Starte Routing
[2021-09-20 19:26:11-INFO] Die $baseUrl variable hat kein slash am Ende, hänge eins an
[2021-09-20 19:26:11-INFO] index.php steht nicht in der URL, entferne es aus der Route
[2021-09-20 19:26:11-INFO] Wir haben mehrere Routeparts
Array
(
    [0] => 
    [1] => user
)

[2021-09-20 19:26:11-INFO] Wir sind auf der URL /user
[2021-09-20 19:26:11-INFO] ****************************************************************************************************
[2021-09-20 19:26:19-INFO] Starte Routing
[2021-09-20 19:26:19-INFO] Die $baseUrl variable hat kein slash am Ende, hänge eins an
[2021-09-20 19:26:19-INFO] index.php steht nicht in der URL, entferne es aus der Route
[2021-09-20 19:26:19-INFO] Wir haben mehrere Routeparts
Array
(
    [0] => 
    [1] => user
)

[2021-09-20 19:26:19-INFO] Wir sind auf der URL /user
[2021-09-20 19:26:19-INFO] ****************************************************************************************************
[2021-09-20 19:26:20-INFO] Starte Routing
[2021-09-20 19:26:20-INFO] Die $baseUrl variable hat kein slash am Ende, hänge eins an
[2021-09-20 19:26:20-INFO] index.php steht nicht in der URL, entferne es aus der Route
[2021-09-20 19:26:20-INFO] Wir haben mehrere Routeparts
Array
(
    [0] => 
    [1] => user
)

[2021-09-20 19:26:20-INFO] Wir sind auf der URL /user
[2021-09-20 19:26:20-INFO] ****************************************************************************************************
[2021-09-20 19:26:28-INFO] Starte Routing
[2021-09-20 19:26:28-INFO] Die $baseUrl variable hat kein slash am Ende, hänge eins an
[2021-09-20 19:26:28-INFO] index.php steht nicht in der URL, entferne es aus der Route
[2021-09-20 19:26:28-INFO] Wir haben mehrere Routeparts
Array
(
    [0] => 
    [1] => u2ser
)

[2021-09-20 19:26:28-INFO] Wir sind auf der URL /user
[2021-09-20 19:26:28-INFO] ****************************************************************************************************
[2021-09-20 19:26:34-INFO] Starte Routing
[2021-09-20 19:26:34-INFO] Die $baseUrl variable hat kein slash am Ende, hänge eins an
[2021-09-20 19:26:34-INFO] index.php steht nicht in der URL, entferne es aus der Route
[2021-09-20 19:26:34-INFO] Wir haben mehrere Routeparts
Array
(
    [0] => 
    [1] => user
)

[2021-09-20 19:26:34-INFO] Wir sind auf der URL /user
[2021-09-20 19:26:34-INFO] ****************************************************************************************************
[2021-09-20 19:26:42-INFO] Starte Routing
[2021-09-20 19:26:42-INFO] Die $baseUrl variable hat kein slash am Ende, hänge eins an
[2021-09-20 19:26:42-INFO] index.php steht nicht in der URL, entferne es aus der Route
[2021-09-20 19:26:42-INFO] Wir haben mehrere Routeparts
Array
(
    [0] => 
    [1] => werrwe
)

[2021-09-20 19:26:42-INFO] Wir sind auf der URL /user
[2021-09-20 19:26:42-INFO] ****************************************************************************************************
[2021-09-20 19:27:06-INFO] Starte Routing
[2021-09-20 19:27:06-INFO] Die $baseUrl variable hat kein slash am Ende, hänge eins an
[2021-09-20 19:27:06-INFO] index.php steht nicht in der URL, entferne es aus der Route
[2021-09-20 19:27:06-INFO] Wir haben mehrere Routeparts
Array
(
    [0] => 
    [1] => werrwe
)

[2021-09-20 19:27:06-INFO] Wir sind auf der URL /user
[2021-09-20 19:27:06-INFO] ****************************************************************************************************
[2021-09-20 19:27:07-INFO] Starte Routing
[2021-09-20 19:27:07-INFO] Die $baseUrl variable hat kein slash am Ende, hänge eins an
[2021-09-20 19:27:07-INFO] index.php steht nicht in der URL, entferne es aus der Route
[2021-09-20 19:27:07-INFO] Wir haben mehrere Routeparts
Array
(
    [0] => 
    [1] => werrwe
)

[2021-09-20 19:27:07-INFO] Wir sind auf der URL /user
[2021-09-20 19:27:07-INFO] ****************************************************************************************************
[2021-09-20 19:27:09-INFO] Starte Routing
[2021-09-20 19:27:09-INFO] Die $baseUrl variable hat kein slash am Ende, hänge eins an
[2021-09-20 19:27:09-INFO] index.php steht nicht in der URL, entferne es aus der Route
[2021-09-20 19:27:09-INFO] Wir haben mehrere Routeparts
Array
(
    [0] => 
    [1] => werrwe
)

[2021-09-20 19:27:09-INFO] Wir sind auf der URL /user
[2021-09-20 19:27:09-INFO] ****************************************************************************************************
[2021-09-20 19:27:14-INFO] Starte Routing
[2021-09-20 19:27:14-INFO] index.php steht nicht in der URL, entferne es aus der Route
[2021-09-20 19:27:14-INFO] Wir sind auf der Startseite
[2021-09-20 19:27:14-INFO] ****************************************************************************************************
[2021-09-20 19:27:20-INFO] Starte Routing
[2021-09-20 19:27:20-INFO] Die $baseUrl variable hat kein slash am Ende, hänge eins an
[2021-09-20 19:27:20-INFO] index.php steht nicht in der URL, entferne es aus der Route
[2021-09-20 19:27:20-INFO] Wir haben mehrere Routeparts
Array
(
    [0] => 
    [1] => sdsd
)

[2021-09-20 19:27:20-INFO] Wir sind auf der URL /user
[2021-09-20 19:27:20-INFO] ****************************************************************************************************
[2021-09-20 19:27:30-INFO] Starte Routing
[2021-09-20 19:27:30-INFO] Die $baseUrl variable hat kein slash am Ende, hänge eins an
[2021-09-20 19:27:30-INFO] index.php steht nicht in der URL, entferne es aus der Route
[2021-09-20 19:27:30-INFO] Wir haben mehrere Routeparts
Array
(
    [0] => 
    [1] => sdsd
)

[2021-09-20 19:27:30-WARNING] URL wurde nicht gefunden
Array
(
    [route] => /sdsd
)

[2021-09-20 19:27:30-INFO] ****************************************************************************************************
[2021-09-20 19:27:34-INFO] Starte Routing
[2021-09-20 19:27:34-INFO] Die $baseUrl variable hat kein slash am Ende, hänge eins an
[2021-09-20 19:27:34-INFO] index.php steht nicht in der URL, entferne es aus der Route
[2021-09-20 19:27:34-INFO] Wir haben mehrere Routeparts
Array
(
    [0] => 
    [1] => qweqweq
)

[2021-09-20 19:27:34-WARNING] URL wurde nicht gefunden
Array
(
    [route] => /qweqweq
)

[2021-09-20 19:27:34-INFO] ****************************************************************************************************
[2021-09-20 19:27:40-INFO] Starte Routing
[2021-09-20 19:27:40-INFO] Die $baseUrl variable hat kein slash am Ende, hänge eins an
[2021-09-20 19:27:40-INFO] index.php steht nicht in der URL, entferne es aus der Route
[2021-09-20 19:27:40-INFO] Wir haben mehrere Routeparts
Array
(
    [0] => 
    [1] => user
)

[2021-09-20 19:27:40-INFO] Wir sind auf der URL /user
[2021-09-20 19:27:40-INFO] ****************************************************************************************************
[2021-09-20 19:31:59-INFO] Starte Routing
[2021-09-20 19:31:59-INFO] Die $baseUrl variable hat kein slash am Ende, hänge eins an
[2021-09-20 19:31:59-INFO] index.php steht nicht in der URL, entferne es aus der Route
[2021-09-20 19:31:59-INFO] Wir haben mehrere Routeparts
Array
(
    [0] => 
    [1] => user
)

[2021-09-20 19:31:59-INFO] Wir sind auf der URL /user
[2021-09-20 19:32:00-INFO] Starte Routing
[2021-09-20 19:32:00-INFO] Die $baseUrl variable hat kein slash am Ende, hänge eins an
[2021-09-20 19:32:00-INFO] index.php steht nicht in der URL, entferne es aus der Route
[2021-09-20 19:32:00-INFO] Wir haben mehrere Routeparts
Array
(
    [0] => 
    [1] => user
)

[2021-09-20 19:32:00-INFO] Wir sind auf der URL /user
[2021-09-20 19:32:55-INFO] Starte Routing
[2021-09-20 19:32:55-INFO] Die $baseUrl variable hat kein slash am Ende, hänge eins an
[2021-09-20 19:32:55-INFO] index.php steht nicht in der URL, entferne es aus der Route
[2021-09-20 19:32:55-INFO] Wir haben mehrere Routeparts
Array
(
    [0] => 
    [1] => user
)

[2021-09-20 19:32:55-INFO] Wir sind auf der URL /user
[2021-09-20 19:34:16-INFO] Starte Routing
[2021-09-20 19:34:16-INFO] Die $baseUrl variable hat kein slash am Ende, hänge eins an
[2021-09-20 19:34:16-INFO] index.php steht nicht in der URL, entferne es aus der Route
[2021-09-20 19:34:16-INFO] Wir haben mehrere Routeparts
Array
(
    [0] => 
    [1] => user
)

[2021-09-20 19:34:16-INFO] Wir sind auf der URL /user
[2021-09-20 19:34:16-INFO] ****************************************************************************************************
[2021-09-20 19:34:17-INFO] Starte Routing
[2021-09-20 19:34:17-INFO] Die $baseUrl variable hat kein slash am Ende, hänge eins an
[2021-09-20 19:34:17-INFO] index.php steht nicht in der URL, entferne es aus der Route
[2021-09-20 19:34:17-INFO] Wir haben mehrere Routeparts
Array
(
    [0] => 
    [1] => user
)

[2021-09-20 19:34:17-INFO] Wir sind auf der URL /user
[2021-09-20 19:34:17-INFO] ****************************************************************************************************
[2021-09-20 19:34:26-INFO] Starte Routing
[2021-09-20 19:34:26-INFO] index.php steht nicht in der URL, entferne es aus der Route
[2021-09-20 19:34:26-INFO] Wir sind auf der Startseite
[2021-09-20 19:34:26-INFO] ****************************************************************************************************
[2021-09-20 19:34:31-INFO] Starte Routing
[2021-09-20 19:34:31-INFO] Die $baseUrl variable hat kein slash am Ende, hänge eins an
[2021-09-20 19:34:31-INFO] index.php steht nicht in der URL, entferne es aus der Route
[2021-09-20 19:34:31-INFO] Wir haben mehrere Routeparts
Array
(
    [0] => 
    [1] => user
)

[2021-09-20 19:34:31-INFO] Wir sind auf der URL /user
[2021-09-20 19:34:31-INFO] ****************************************************************************************************
[2021-09-20 19:38:51-INFO] Starte Routing
[2021-09-20 19:38:51-INFO] Die $baseUrl variable hat kein slash am Ende, hänge eins an
[2021-09-20 19:38:51-INFO] index.php steht nicht in der URL, entferne es aus der Route
[2021-09-20 19:38:51-INFO] Wir haben mehrere Routeparts
Array
(
    [0] => 
    [1] => user
)

[2021-09-20 19:38:51-INFO] Wir sind auf der URL /user
[2021-09-20 19:38:51-INFO] ****************************************************************************************************
[2021-09-20 19:38:52-INFO] Starte Routing
[2021-09-20 19:38:52-INFO] Die $baseUrl variable hat kein slash am Ende, hänge eins an
[2021-09-20 19:38:52-INFO] index.php steht nicht in der URL, entferne es aus der Route
[2021-09-20 19:38:52-INFO] Wir haben mehrere Routeparts
Array
(
    [0] => 
    [1] => user
)

[2021-09-20 19:38:52-INFO] Wir sind auf der URL /user
[2021-09-20 19:38:52-INFO] ****************************************************************************************************
[2021-09-20 19:38:56-INFO] Starte Routing
[2021-09-20 19:38:56-INFO] Die $baseUrl variable hat kein slash am Ende, hänge eins an
[2021-09-20 19:38:56-INFO] index.php steht nicht in der URL, entferne es aus der Route
[2021-09-20 19:38:56-INFO] Wir haben mehrere Routeparts
Array
(
    [0] => 
    [1] => us1er
)

[2021-09-20 19:38:56-WARNING] URL wurde nicht gefunden
Array
(
    [route] => /us1er
)

[2021-09-20 19:38:56-INFO] ****************************************************************************************************
[2021-09-20 19:39:01-INFO] Starte Routing
[2021-09-20 19:39:01-INFO] Die $baseUrl variable hat kein slash am Ende, hänge eins an
[2021-09-20 19:39:01-INFO] index.php steht nicht in der URL, entferne es aus der Route
[2021-09-20 19:39:01-INFO] Wir haben mehrere Routeparts
Array
(
    [0] => 
    [1] => user
)

[2021-09-20 19:39:01-INFO] Wir sind auf der URL /user
[2021-09-20 19:39:01-INFO] ****************************************************************************************************
[2021-09-20 19:39:04-INFO] Starte Routing
[2021-09-20 19:39:04-INFO] index.php steht nicht in der URL, entferne es aus der Route
[2021-09-20 19:39:04-INFO] Wir sind auf der Startseite
[2021-09-20 19:39:04-INFO] ****************************************************************************************************
[2021-09-20 20:09:55-INFO] Starte Routing
[2021-09-20 20:09:55-INFO] index.php steht nicht in der URL, entferne es aus der Route
[2021-09-20 20:09:55-INFO] Wir sind auf der Startseite
[2021-09-20 20:09:55-INFO] ****************************************************************************************************
[2021-09-20 20:10:18-INFO] Starte Routing
[2021-09-20 20:10:18-INFO] index.php steht nicht in der URL, entferne es aus der Route
[2021-09-20 20:10:18-INFO] Wir sind auf der Startseite
[2021-09-20 20:10:18-INFO] ****************************************************************************************************
[2021-09-20 20:16:43-INFO] Starte Routing
[2021-09-20 20:16:43-INFO] index.php steht nicht in der URL, entferne es aus der Route
[2021-09-20 20:16:43-INFO] Wir sind auf der Startseite
[2021-09-20 20:16:43-INFO] ****************************************************************************************************
[2021-09-20 20:17:27-INFO] Starte Routing
[2021-09-20 20:17:27-INFO] index.php steht nicht in der URL, entferne es aus der Route
[2021-09-20 20:17:27-INFO] Wir sind auf der Startseite
[2021-09-20 20:17:27-INFO] ****************************************************************************************************
[2021-09-20 20:21:19-INFO] Starte Routing
[2021-09-20 20:21:19-INFO] index.php steht nicht in der URL, entferne es aus der Route
[2021-09-20 20:21:19-INFO] Wir sind auf der Startseite
[2021-09-20 20:21:19-INFO] ****************************************************************************************************
[2021-09-20 20:21:48-INFO] Starte Routing
[2021-09-20 20:21:48-INFO] index.php steht nicht in der URL, entferne es aus der Route
[2021-09-20 20:21:48-INFO] Wir sind auf der Startseite
[2021-09-20 20:21:48-INFO] ****************************************************************************************************
[2021-09-20 20:21:52-INFO] Starte Routing
[2021-09-20 20:21:52-INFO] index.php steht nicht in der URL, entferne es aus der Route
[2021-09-20 20:21:52-INFO] Wir sind auf der Startseite
[2021-09-20 20:21:52-INFO] ****************************************************************************************************
[2021-09-20 20:23:58-INFO] Starte Routing
[2021-09-20 20:23:58-INFO] index.php steht nicht in der URL, entferne es aus der Route
[2021-09-20 20:23:58-INFO] Wir sind auf der URL /
[2021-09-20 20:23:58-INFO] ****************************************************************************************************
[2021-09-20 20:24:02-INFO] Starte Routing
[2021-09-20 20:24:02-INFO] Die $baseUrl variable hat kein slash am Ende, hänge eins an
[2021-09-20 20:24:02-INFO] index.php steht nicht in der URL, entferne es aus der Route
[2021-09-20 20:24:02-INFO] Wir sind auf der URL /user
[2021-09-20 20:24:02-INFO] ****************************************************************************************************
[2021-09-20 20:24:09-INFO] Starte Routing
[2021-09-20 20:24:09-INFO] Die $baseUrl variable hat kein slash am Ende, hänge eins an
[2021-09-20 20:24:09-INFO] index.php steht nicht in der URL, entferne es aus der Route
[2021-09-20 20:24:09-WARNING] URL wurde nicht gefunden
Array
(
    [route] => /sdasdas
)

[2021-09-20 20:24:09-INFO] ****************************************************************************************************
[2021-09-20 20:24:53-INFO] Starte Routing
[2021-09-20 20:24:53-INFO] index.php steht nicht in der URL, entferne es aus der Route
[2021-09-20 20:24:53-INFO] Wir sind auf der URL /
[2021-09-20 20:24:53-INFO] ****************************************************************************************************
[2021-09-20 20:25:46-INFO] Starte Routing
[2021-09-20 20:25:46-INFO] index.php steht nicht in der URL, entferne es aus der Route
[2021-09-20 20:25:46-INFO] Wir sind auf der URL /
[2021-09-20 20:25:46-INFO] ****************************************************************************************************
[2021-09-20 20:25:47-INFO] Starte Routing
[2021-09-20 20:25:47-INFO] index.php steht nicht in der URL, entferne es aus der Route
[2021-09-20 20:25:47-INFO] Wir sind auf der URL /
[2021-09-20 20:25:47-INFO] ****************************************************************************************************
[2021-09-20 20:25:56-INFO] Starte Routing
[2021-09-20 20:25:56-INFO] Die $baseUrl variable hat kein slash am Ende, hänge eins an
[2021-09-20 20:25:56-INFO] index.php steht nicht in der URL, entferne es aus der Route
[2021-09-20 20:25:56-INFO] Wir sind auf der URL /user
[2021-09-20 20:25:56-INFO] ****************************************************************************************************
[2021-09-20 20:29:45-INFO] Starte Routing
[2021-09-20 20:29:45-INFO] Die $baseUrl variable hat kein slash am Ende, hänge eins an
[2021-09-20 20:29:45-INFO] index.php steht nicht in der URL, entferne es aus der Route
[2021-09-20 20:29:45-INFO] Wir sind auf der URL /user
[2021-09-20 20:29:45-INFO] ****************************************************************************************************
